11:36:22 **** Build of configuration Debug for project lab2 ****
make all 
E:/Vitis/2024.2/gnuwin/bin/make --no-print-directory pre-build
a9-linaro-pre-build-step
' '
E:/Vitis/2024.2/gnuwin/bin/make --no-print-directory main-build
'Building file: ../src/lab2.c'
'Invoking: ARM v7 gcc compiler'
arm-none-eabi-gcc -Wall -O0 -g3 -c -fmessage-length=0 -MT"src/lab2.o" -mcpu=cortex-a9 -mfpu=vfpv3 -mfloat-abi=hard -IE:/EDABK/Workspace/lab2/lab2_platform/export/lab2_platform/sw/lab2_platform/standalone_domain/bspinclude/include -MMD -MP -MF"src/lab2.d" -MT"src/lab2.o" -o "src/lab2.o" "../src/lab2.c"
../src/lab2.c: In function 'main':
../src/lab2.c:32:11: warning: implicit declaration of function 'sleep' [-Wimplicit-function-declaration]
   32 |           sleep(1);
      |           ^~~~~
'Finished building: ../src/lab2.c'
' '
'Building target: lab2.elf'
'Invoking: ARM v7 gcc linker'
arm-none-eabi-gcc -mcpu=cortex-a9 -mfpu=vfpv3 -mfloat-abi=hard -Wl,-build-id=none -specs=Xilinx.spec -Wl,-T -Wl,../src/lscript.ld -LE:/EDABK/Workspace/lab2/lab2_platform/export/lab2_platform/sw/lab2_platform/standalone_domain/bsplib/lib -o "lab2.elf"  ./src/lab2.o   -Wl,--start-group,-lxil,-lgcc,-lc,--end-group
'Finished building target: lab2.elf'
' '
'Invoking: ARM v7 Print Size'
arm-none-eabi-size lab2.elf  |tee "lab2.elf.size"
   text	   data	    bss	    dec	    hex	filename
  28725	   1456	  22960	  53141	   cf95	lab2.elf
'Finished building: lab2.elf.size'
' '

11:36:23 Build Finished (took 1s.125ms)

